2022-05-18 22:05:878 INFO  ManageDriver :32 - Launching Chrome Browser
2022-05-18 22:05:265 INFO  Homepage :33 - Mouse Hover On Buy And Sell : [[ChromeDriver: chrome on WINDOWS (3153c52e605e34aa6c362076503ca235)] -> xpath: //a[contains(text(),'buy + sell')]]<br>
2022-05-18 22:05:415 INFO  Homepage :37 - Click Search Cars : [[ChromeDriver: chrome on WINDOWS (3153c52e605e34aa6c362076503ca235)] -> xpath: //a[contains(text(),'Search Cars')]]<br>
2022-05-18 22:05:319 INFO  ManageDriver :32 - Launching Chrome Browser
2022-05-18 22:05:398 INFO  Homepage :33 - Mouse Hover On Buy And Sell : [[ChromeDriver: chrome on WINDOWS (a1e97c2e585ba911ea0e20fd1447f94b)] -> xpath: //a[contains(text(),'buy + sell')]]<br>
2022-05-18 22:05:535 INFO  Homepage :37 - Click Search Cars : [[ChromeDriver: chrome on WINDOWS (a1e97c2e585ba911ea0e20fd1447f94b)] -> xpath: //a[contains(text(),'Search Cars')]]<br>
2022-05-18 22:05:128 INFO  SearchCarsPage :54 - Select make : [[ChromeDriver: chrome on WINDOWS (a1e97c2e585ba911ea0e20fd1447f94b)] -> xpath: //select[@id='makes']]<br>
2022-05-18 22:05:34 INFO  SearchCarsPage :59 - Select  model : [[ChromeDriver: chrome on WINDOWS (a1e97c2e585ba911ea0e20fd1447f94b)] -> xpath: //input[@id='search-submit']]<br>
2022-05-18 22:05:177 INFO  SearchCarsPage :63 - Select  location : [[ChromeDriver: chrome on WINDOWS (a1e97c2e585ba911ea0e20fd1447f94b)] -> xpath: //input[@id='search-submit']]<br>
2022-05-18 22:05:248 INFO  SearchCarsPage :68 - Select  price : [[ChromeDriver: chrome on WINDOWS (a1e97c2e585ba911ea0e20fd1447f94b)] -> xpath: //input[@id='search-submit']]<br>
2022-05-18 22:05:321 INFO  SearchCarsPage :73 - Click on Find My Next Car tab : [[ChromeDriver: chrome on WINDOWS (a1e97c2e585ba911ea0e20fd1447f94b)] -> xpath: //input[@id='search-submit']]<br>
2022-05-18 22:05:278 INFO  ManageDriver :32 - Launching Chrome Browser
2022-05-18 22:05:75 INFO  Homepage :33 - Mouse Hover On Buy And Sell : [[ChromeDriver: chrome on WINDOWS (ca67a22f7c47a5f056bf1b92bf0d06ce)] -> xpath: //a[contains(text(),'buy + sell')]]<br>
2022-05-18 22:05:228 INFO  Homepage :37 - Click Search Cars : [[ChromeDriver: chrome on WINDOWS (ca67a22f7c47a5f056bf1b92bf0d06ce)] -> xpath: //a[contains(text(),'Search Cars')]]<br>
2022-05-18 22:05:629 INFO  SearchCarsPage :66 - Select make : [[ChromeDriver: chrome on WINDOWS (ca67a22f7c47a5f056bf1b92bf0d06ce)] -> xpath: //select[@id='makes']]<br>
2022-05-18 22:05:857 INFO  SearchCarsPage :71 - Select  model : [[ChromeDriver: chrome on WINDOWS (ca67a22f7c47a5f056bf1b92bf0d06ce)] -> xpath: //input[@id='search-submit']]<br>
2022-05-18 22:05:934 INFO  SearchCarsPage :75 - Select  location : [[ChromeDriver: chrome on WINDOWS (ca67a22f7c47a5f056bf1b92bf0d06ce)] -> xpath: //input[@id='search-submit']]<br>
2022-05-18 22:05:09 INFO  SearchCarsPage :80 - Select  price : [[ChromeDriver: chrome on WINDOWS (ca67a22f7c47a5f056bf1b92bf0d06ce)] -> xpath: //input[@id='search-submit']]<br>
2022-05-18 22:05:79 INFO  SearchCarsPage :85 - Click on Find My Next Car tab : [[ChromeDriver: chrome on WINDOWS (ca67a22f7c47a5f056bf1b92bf0d06ce)] -> xpath: //input[@id='search-submit']]<br>
2022-05-18 22:05:811 INFO  SearchCarsPage :60 - verify Make : [[ChromeDriver: chrome on WINDOWS (ca67a22f7c47a5f056bf1b92bf0d06ce)] -> xpath: //body/div[2]/div[1]/div[1]/div[1]/form[1]/div[3]/div[6]/div[2]/div[1]/a[1]]<br>
2022-05-18 22:05:420 INFO  ManageDriver :32 - Launching Chrome Browser
2022-05-18 22:05:944 INFO  Homepage :33 - Mouse Hover On Buy And Sell : [[ChromeDriver: chrome on WINDOWS (69ab35e4991e0aa92d257f16b52018ba)] -> xpath: //a[contains(text(),'buy + sell')]]<br>
2022-05-18 22:05:119 INFO  Homepage :37 - Click Search Cars : [[ChromeDriver: chrome on WINDOWS (69ab35e4991e0aa92d257f16b52018ba)] -> xpath: //a[contains(text(),'Search Cars')]]<br>
2022-05-18 22:05:596 INFO  SearchCarsPage :66 - Select make : [[ChromeDriver: chrome on WINDOWS (69ab35e4991e0aa92d257f16b52018ba)] -> xpath: //select[@id='makes']]<br>
2022-05-18 22:05:756 INFO  SearchCarsPage :71 - Select  model : [[ChromeDriver: chrome on WINDOWS (69ab35e4991e0aa92d257f16b52018ba)] -> xpath: //input[@id='search-submit']]<br>
2022-05-18 22:05:840 INFO  SearchCarsPage :75 - Select  location : [[ChromeDriver: chrome on WINDOWS (69ab35e4991e0aa92d257f16b52018ba)] -> xpath: //input[@id='search-submit']]<br>
2022-05-18 22:05:914 INFO  SearchCarsPage :80 - Select  price : [[ChromeDriver: chrome on WINDOWS (69ab35e4991e0aa92d257f16b52018ba)] -> xpath: //input[@id='search-submit']]<br>
2022-05-18 22:05:989 INFO  SearchCarsPage :85 - Click on Find My Next Car tab : [[ChromeDriver: chrome on WINDOWS (69ab35e4991e0aa92d257f16b52018ba)] -> xpath: //input[@id='search-submit']]<br>
2022-05-18 22:05:877 INFO  ManageDriver :32 - Launching Chrome Browser
2022-05-18 22:05:83 INFO  Homepage :33 - Mouse Hover On Buy And Sell : [[ChromeDriver: chrome on WINDOWS (fb87e5fd225739b625e75d72e56b108e)] -> xpath: //a[contains(text(),'buy + sell')]]<br>
2022-05-18 22:05:879 INFO  SearchCarsPage :89 - Select make : [[ChromeDriver: chrome on WINDOWS (fb87e5fd225739b625e75d72e56b108e)] -> xpath: //select[@id='makes']]<br>
2022-05-18 22:05:966 INFO  SearchCarsPage :94 - Select  model : [[ChromeDriver: chrome on WINDOWS (fb87e5fd225739b625e75d72e56b108e)] -> xpath: //input[@id='search-submit']]<br>
2022-05-18 22:05:68 INFO  SearchCarsPage :98 - Select  location : [[ChromeDriver: chrome on WINDOWS (fb87e5fd225739b625e75d72e56b108e)] -> xpath: //input[@id='search-submit']]<br>
2022-05-18 22:05:142 INFO  SearchCarsPage :103 - Select  price : [[ChromeDriver: chrome on WINDOWS (fb87e5fd225739b625e75d72e56b108e)] -> xpath: //input[@id='search-submit']]<br>
2022-05-18 22:05:223 INFO  SearchCarsPage :108 - Click on Find My Next Car tab : [[ChromeDriver: chrome on WINDOWS (fb87e5fd225739b625e75d72e56b108e)] -> xpath: //input[@id='search-submit']]<br>
2022-05-18 22:05:337 INFO  SearchCarsPage :83 - verify Make : [[ChromeDriver: chrome on WINDOWS (fb87e5fd225739b625e75d72e56b108e)] -> xpath: //body/div[2]/div[1]/div[1]/div[1]/form[1]/div[3]/div[6]/div[2]/div[1]/a[1]]<br>
2022-05-18 23:05:00 INFO  ManageDriver :32 - Launching Chrome Browser
2022-05-18 23:05:506 INFO  Homepage :33 - Mouse Hover On Buy And Sell : [[ChromeDriver: chrome on WINDOWS (0bdd0cc370f450789ab01cd198ddd433)] -> xpath: //a[contains(text(),'buy + sell')]]<br>
2022-05-18 23:05:734 INFO  Homepage :37 - Click Search Cars : [[ChromeDriver: chrome on WINDOWS (0bdd0cc370f450789ab01cd198ddd433)] -> xpath: //a[contains(text(),'Search Cars')]]<br>
2022-05-18 23:05:246 INFO  SearchCarsPage :88 - Select make : [[ChromeDriver: chrome on WINDOWS (0bdd0cc370f450789ab01cd198ddd433)] -> xpath: //select[@id='makes']]<br>
2022-05-18 23:05:352 INFO  SearchCarsPage :93 - Select  model : [[ChromeDriver: chrome on WINDOWS (0bdd0cc370f450789ab01cd198ddd433)] -> xpath: //input[@id='search-submit']]<br>
2022-05-18 23:05:487 INFO  SearchCarsPage :98 - Select  location : [[ChromeDriver: chrome on WINDOWS (0bdd0cc370f450789ab01cd198ddd433)] -> xpath: //input[@id='search-submit']]<br>
2022-05-18 23:05:558 INFO  SearchCarsPage :103 - Select  price : [[ChromeDriver: chrome on WINDOWS (0bdd0cc370f450789ab01cd198ddd433)] -> xpath: //input[@id='search-submit']]<br>
2022-05-18 23:05:632 INFO  SearchCarsPage :108 - Click on Find My Next Car tab : [[ChromeDriver: chrome on WINDOWS (0bdd0cc370f450789ab01cd198ddd433)] -> xpath: //input[@id='search-submit']]<br>
2022-05-18 23:05:442 INFO  SearchCarsPage :82 - verify Make : [[ChromeDriver: chrome on WINDOWS (0bdd0cc370f450789ab01cd198ddd433)] -> xpath: //body/div[2]/div[1]/div[1]/div[1]/form[1]/div[3]/div[6]/div[2]/div[1]/a[1]]<br>
2022-05-18 23:05:968 INFO  ManageDriver :32 - Launching Chrome Browser
2022-05-18 23:05:119 INFO  Homepage :33 - Mouse Hover On Buy And Sell : [[ChromeDriver: chrome on WINDOWS (924277e8103f40022144d407d31301be)] -> xpath: //a[contains(text(),'buy + sell')]]<br>
2022-05-18 23:05:34 INFO  Homepage :37 - Click Search Cars : [[ChromeDriver: chrome on WINDOWS (924277e8103f40022144d407d31301be)] -> xpath: //a[contains(text(),'Search Cars')]]<br>
2022-05-18 23:05:405 INFO  SearchCarsPage :88 - Select make : [[ChromeDriver: chrome on WINDOWS (924277e8103f40022144d407d31301be)] -> xpath: //select[@id='makes']]<br>
2022-05-18 23:05:582 INFO  SearchCarsPage :93 - Select  model : [[ChromeDriver: chrome on WINDOWS (924277e8103f40022144d407d31301be)] -> xpath: //input[@id='search-submit']]<br>
2022-05-18 23:05:716 INFO  SearchCarsPage :98 - Select  location : [[ChromeDriver: chrome on WINDOWS (924277e8103f40022144d407d31301be)] -> xpath: //input[@id='search-submit']]<br>
2022-05-18 23:05:787 INFO  SearchCarsPage :103 - Select  price : [[ChromeDriver: chrome on WINDOWS (924277e8103f40022144d407d31301be)] -> xpath: //input[@id='search-submit']]<br>
2022-05-18 23:05:862 INFO  SearchCarsPage :108 - Click on Find My Next Car tab : [[ChromeDriver: chrome on WINDOWS (924277e8103f40022144d407d31301be)] -> xpath: //input[@id='search-submit']]<br>
2022-05-18 23:05:63 INFO  SearchCarsPage :82 - verify Make : [[ChromeDriver: chrome on WINDOWS (924277e8103f40022144d407d31301be)] -> xpath: //body/div[2]/div[1]/div[1]/div[1]/form[1]/div[3]/div[6]/div[2]/div[1]/a[1]]<br>
